-------------------------------------------------------------------------------
Test set: com.github.nylasolutions.imanipostitprocessor.ImaniPostitProcessorApplicationTests
-------------------------------------------------------------------------------
Tests run: 1, Failures: 1, Errors: 0, Skipped: 0, Time elapsed: 0.071 s <<< FAILURE! - in com.github.nylasolutions.imanipostitprocessor.ImaniPostitProcessorApplicationTests
basicListOfEmails(com.github.nylasolutions.imanipostitprocessor.ImaniPostitProcessorApplicationTests)  Time elapsed: 0.02 s  <<< FAILURE!
java.lang.AssertionError: Has email
	at com.github.nylasolutions.imanipostitprocessor.ImaniPostitProcessorApplicationTests.basicListOfEmails(ImaniPostitProcessorApplicationTests.kt:38)

