<?xml version="1.0" encoding="UTF-8"?>
<testsuite xmlns:xsi="http://www.w3.org/2001/XMLSchema-instance" xsi:noNamespaceSchemaLocation="https://maven.apache.org/surefire/maven-surefire-plugin/xsd/surefire-test-report.xsd" name="com.github.nylasolutions.imanipostitprocessor.ImaniPostitProcessorApplicationTests" time="0.071" tests="1" errors="0" skipped="0" failures="1">
  <properties>
[...]
</properties>
  <testcase name="basicListOfEmails" classname="com.github.nylasolutions.imanipostitprocessor.ImaniPostitProcessorApplicationTests" time="0.02">
    <failure message="Has email" type="java.lang.AssertionError">java.lang.AssertionError: Has email
	at com.github.nylasolutions.imanipostitprocessor.ImaniPostitProcessorApplicationTests.basicListOfEmails(ImaniPostitProcessorApplicationTests.kt:38)
</failure>
  </testcase>
</testsuite>